<?xml version="1.0" encoding="UTF-8"?>
<!-- Generated by org.testng.reporters.JUnitReportReporter -->
<testsuite hostname="LAPTOP-V345L13O" failures="0" tests="1" name="Test.TestClass" time="5.191" errors="0" timestamp="2024-10-06T10:40:42 IST" skipped="0">
  <testcase classname="Test.TestClass" name="completeOrderTest" time="5.191"/>
</testsuite> <!-- Test.TestClass -->
