<?xml version="1.0" encoding="UTF-8"?>
<!-- Generated by org.testng.reporters.JUnitReportReporter -->
<testsuite hostname="LAPTOP-V345L13O" failures="0" tests="2" name="Test.TestClass" time="12.994" errors="0" timestamp="2024-10-06T15:45:58 IST" skipped="0">
  <testcase classname="Test.TestClass" name="completeOrderTest" time="6.862"/>
  <testcase classname="Test.TestClass" name="completeOrderTest" time="6.132"/>
</testsuite> <!-- Test.TestClass -->
